   75  ls
   76  exit
   77  ls
   78  clear
   79  ls
   80  ssh labash@rocket.hpc.ut.ee 
   81  lear
   82  ssh labash@rocket.hpc.ut.ee 
   83  exit
   84  ssh labash@rocket.hpc.ut.ee 
   85  exit
   86  cd /run/media/aqeel/01060371030/samer/Study/University\ of\ Tartu/4th\ Semester/MSc\ Thesis/APES/output/Backup\ Raw/
   87  ls
   88  7za -l E763-790.zip 
   89  exit
   90  ssh labash@rocket.hpc.ut.ee 
   91  exit
   92  sudo dnf update
   93  clear
   94  exit
   95  cd Documents/PhD/APES/output/
   96  ls
   97  cd .
   98  clear
   99  cd ..
  100  ls
  101  mkdir CNN_output
  102  cd CNN_output/
  103  ls
  104  mv ../E792-861.zip .
  105  ls
  106  scp labash@rocket.hpc.ut.ee:CNN_APES/E862-903.zip .
  107  ls
  108  unzip E792-861.zip 
  109  ls
  110  mkdir E792-861
  111  ls
  112  mv logs/ output/ E792-861
  113  ls
  114  ls E792-861
  115  unzip E862-903.zip 
  116  ls
  117  clear
  118  ls
  119  clear
  120  ls
  121  mkdir E862-903
  122  mv logs/ output/ E862-903
  123  ls
  124  mv E792-861.zip E862-903.zip /run/media/aqeel/01060371030/samer/Study/University\ of\ Tartu/4th\ Semester/MSc\ Thesis/APES/output/Backup\ Raw/
  125  clear
  126  ls
  127  cd ..
  128  source activate py4
  129  jupyter notebook
  130  clear
  131  ls
  132  clear
  133  ls
  134  cd CNN_output/
  135  l
  136  ls
  137  cd ..
  138  ls
  139  clear
  140  ls
  141  cd ..
  142  clear
  143  ls
  144  scp labash@rocket.hpc.ut.ee:CNN_APES.zip .
  145  ls
  146  clear
  147  ls
  148  unzip CNN_APES.zip 
  149  clear
  150  ls
  151  cd CNN_APES/
  152  ls
  153  clear
  154  ls
  155  man link
  156  cd ..
  157  clear
  158  ls
  159  link CNN_APES ../CNN
  160  clear
  161  exit
  162  cd Documents/LTAT.02.001/
  163  clear
  164  ls
  165  source activate py
  166  source activate py4
  167  jupyter notebook
  168  clear
  169  exit
  170  ssh labash@rocket.hpc.ut.ee 
  171  clear
  172  ls
  173  cd output/
  174  ls
  175  du -hs
  176  ls
  177  cd ..
  178  clear
  179  ls
  180  clear
  181  ls
  182  cd ..
  183  cd CNN_APES/
  184  ls
  185  clear
  186  ls
  187  cd ..
  188  cd APES/
  189  ls
  190  clear
  191  ls
  192  vim PT_All.py 
  193  source activate PT_All.py 
  194  source activate py4
  195  python PT_All.py 
  196  clear
  197  head -n 5 PT_All.py 
  198  python PT_All.py --models 792 --naction 4 --cnn True
  199  ls output/792/MOD/
  200  ls output/798/MOD/
  201  ls output/799/MOD/
  202  python PT_All.py --models 799 --naction 4 --cnn True
  203  clear
  204  ls
  205  vim PT_A
  206  vim PT_All.py 
  207  python PT_All.py --cnn True
  208  vim PT_All.py 
  209  python PT_All.py --cnn True
  210  python PT_All.py
  211  clear
  212  ls
  213  vim PT_All.py 
  214  claer
  215  clear
  216  ls
  217  python PT_All.py --models 799 --naction 4 --cnn True
  218  ls
  219  cd ..
  220  vimdiff CNN_APES/Agent.py APES/Agent.py 
  221  clear
  222  ls
  223  cd CNN_APES/
  224  python PT_All.py --models 799 --naction 4 --cnn True
  225  cd ..
  226  cd APES/
  227  python PT_All.py --models 799 --naction 4 --cnn True
  228  clear
  229  ls
  230  python PT_All.py --models 799 8{0,1,2,3,4,5,6,7,8}{0,1,2,3,4,5,6,7,8,9} 89{0,1,2,3} --naction 4 --cnn True
  231  80{6,7,8,9} 8{1,2,3,4,5,6,7,8}{0,1,2,3,4,5,6,7,8,9} 89{0,1,2,3}
  232  python PT_All.py --models 89{4,5,6,7,8,9} 90{0,1,2,3} --naction 4 --cnn True
  233  clear
  234  ls
  235  cd Final_Results/
  236  ls
  237  vim FinalResults.csv
  238  cp FinalResults.csv FinalResults.csv.bak 
  239  vim FinalResults.csv.bak 
  240  clear
  241  ls
  242  mv FinalResults.csv.bak FinalResults.csv.bak1
  243  ls
  244  vim FinalResults.csv
  245  clear
  246  vim FinalResults.csv
  247  clear
  248  exit
  249  ls
  250  cd .
  251  c d..
  252  cd ..
  253  cd ../../
  254  ls
  255  cd PhD/
  256  ls
  257  cd APES/
  258  clear
  259  conda info --envs
  260  source activate py4
  261  jupyter notebook
  262  clear
  263  exit
  264  ssh labash@rocket.hpc.ut.ee 
  265  exit
  266  cd ..
  267  cd ../LTAT.02.001/
  268  cd Practices/practice5/
  269  ls
  270  clear
  271  ls
  272  clear
  273  ls
  274  jupyter notebook
  275  clear
  276  vim conv_layers.py 
  277  clear
  278  vim conv_layers.py 
  279  clear
  280  exit
  281  clear
  282  ssh labash@rocket.hpc.ut.ee 
  283  exit
  284  zip -r hw5.zip *
  285  cd ~/Documents/
  286  ls
  287  cd ..
  288  cd tuna/
  289  ls
  290  source activate py4
  291  jupyter notebook
  292  clear
  293  exit
  294  cd Practices/practice4/
  295  ls
  296  vim layers.py 
  297  cd ..
  298  vim practice5/cnn.py 
  299  cd practice5/
  300  ls
  301  vim conv_layers.py 
  302  clear
  303  clar
  304  clear
  305  ls
  306  vim bn_layers.py 
  307  vim cnn.py 
  308  clear
  309  ls
  310  vim conv_layers.py 
  311  clear
  312  source activate py4
  313  ls
  314  python setup.py build_ext --inplace
  315  conda install Cython
  316  python setup.py build_ext --inplace
  317  clear
  318  ls
  319  clear
  320  vim conv_layers.py 
  321  cler
  322  clear
  323  ls
  324  vim layer_utils.py 
  325  vim cnn.py 
  326  rm hw5.zip 
  327  zip -r hw5.zip *
  328  clear
  329  vim cnn.py 
  330  clear
  331  ls
  332  rm hw5.zip 
  333  zip -r hw5.zip *
  334  clear
  335  ls
  336  vim cnn.py 
  337  clear
  338  exit
  339  cd ..
  340  cd LTAT.02.001/
  341  ls
  342  source activate py4
  343  source deactivate 
  344  source activate py4
  345  souce activate py3
  346  source activate py3
  347  jupyter notebook
  348  clear
  349  source deactivate 
  350  clear
  351  ls
  352  cd ..
  353  cd PhD/
  354  ls
  355  cd CNN_APES/
  356  ls
  357  clear
  358  ls
  359  source activate py4
  360  cd ..
  361  clear
  362  ls
  363  cd APES/
  364  ls
  365  jupyter notebook
  366  clear
  367  cd ~/Documents/LTAT.02.001/
  368  jupyter notebook
  369  exit
  370  cd ~/
  371  ls
  372  cd tuna/
  373  source activate py4
  374  jupyter notebook
  375  clear
  376  exit
  377  redshift
  378  redshift-gtk 
  379  python2.7 redshift
  380  sudo redshift-gtk 
  381  xit
  382  exit
  383  conda install py3 tensorflow
  384  conda install -n py3 tensorflow
  385  dexit
  386  clear
  387  exit
  388  sudo dnf install lm_sensors
  389  sensors-detect 
  390  sudo sensors-detect 
  391  YES
  392  sensors
  393  exit
  394  vim ~/.keras/keras.json 
  395  ssh labash@rocket.hpc.ut.ee 
  396  exit
  397  ssh labash@rocket.hpc.ut.ee 
  398  exit
  399  cd APES/Bash\ files/
  400  ls
  401  vim AIvsphai
  402  vim AIvsphai.sh 
  403  vim AIvsphai-2.sh 
  404  cd ..
  405  clear
  406  ls
  407  cd Supervised/
  408  ls
  409  vim Agent.py 
  410  ls
  411  cd TensorflowLearning/
  412  clear
  413  source activate py3
  414  jupyter notebook
  415  clear
  416  source deactivate 
  417  source activate py3
  418  jupyter notebook
  419  clear
  420  cd ..
  421  ls
  422  cd Documents/
  423  ls
  424  cd LTAT.02.001/
  425  ls
  426  clear
  427  jupyter notebook
  428  clear
  429  ls
  430  clear
  431  jupyter notebook
  432  clear
  433  cd ..
  434  ls
  435  clear
  436  ls
  437  clear
  438  ls
  439  cd ..
  440  ls
  441  mkdir deletemelater
  442  cd deletemelater/e
  443  cd deletemelater/
  444  ls
  445  wget https://raw.githubusercontent.com/mozilla/airmozilla/master/devup.py
  446  ls
  447  python devup.py 
  448  source deactivate
  449  clear
  450  ls
  451  python --verson
  452  python --version
  453  conda --info envs
  454  conda info --envs
  455  conda activate py2
  456  python
  457  source activate py2
  458  python
  459  python devup.py 
  460  pip install virtualenv
  461  python devup.py 
  462  conda install -c anaconda postgresql 
  463  python devup.py 
  464  conda install -c anaconda postgresql 
  465  python devup.py 
  466  sudo python devup.py 
  467  sudo pip install virtualenv
  468  sudo python devup.py 
  469  sudo conda install virtualenv
  470  clear
  471  cd ~/Documents/PhD/APES/
  472  vim World.py 
  473  clear
  474  ls
  475  clear
  476  cd ..
  477  clear
  478  ls
  479  cd APES/
  480  ls
  481  clear
  482  ls
  483  cd ..
  484  ls
  485  clear
  486  ls
  487  cd CNN_APES/
  488  ls
  489  cd ..
  490  source deactivate 
  491  source activate py3
  492  jupyter notebook
  493  sudo dnf update
  494  clear
  495  exit
  496  cd Supervised/
  497  ls
  498  clear
  499  ls
  500  vim Agent.py 
  501  vim ../APES/PT_A
  502  vim ../APES/PT_All.py 
  503  vim Agent.py 
  504  cd Documents/PH
  505  cd Documents/PhD/
  506  ls
  507  source activate py3
  508  jupyter notebook
  509  sudo dnf install cmake
  510  exit
  511  ssh labash@rocket.hpc.ut.ee 
  512  exit
  513  cd ..
  514  ls
  515  cd ..
  516  ls
  517  cd aqeel/
  518  ls
  519  clear
  520  ls
  521  cd Documents/
  522  ls
  523  cd ..
  524  mkdir experiments
  525  cd experiments/
  526  ls
  527  git clone -b 4.17 https://github.com/EpicGames/UnrealEngine.git
  528  clear
  529  cd UnrealEngine/
  530  ls
  531  clear
  532  git checkout af96417313a908b20621a443175ba91683c238c8
  533  ./Setup.sh 
  534  ./GenerateProjectFiles.sh 
  535  make
  536  clear
  537  ls
  538  cd ..
  539       git clone https://github.com/Microsoft/AirSim.git
  540  cd AirSim/
  541  ls
  542  ./setup.sh 
  543  sudo dnf groupinstall 'Development Tools'
  544  ./setup.sh 
  545  vim setup.sh 
  546  ./setup.sh 
  547  clear
  548  sudo ./setup.sh 
  549  ./setup.sh 
  550  ls
  551  vim setup.sh 
  552  ./setup.sh 
  553  clear
  554  cd ..
  555  ls
  556  rm -r AirSim
  557  rm -rf AirSim
  558  clear
  559  ls
  560  git clone https://github.com/Microsoft/AirSim.git
  561  cd AirSim/
  562  ls
  563  vim setup.sh 
  564  ./setup.sh 
  565  sudo dnf install clang-3.9
  566  yum install clang-3.9.0
  567  sudo yum install clang-3.9.0
  568  vim cmake/CMakeLists.txt 
  569  sudo dnf install llvm3.9
  570  exit
  571  zip -a supervized.zip *
  572  zip -r supervized.zip *
  573  clear
  574  scp  supervized.zip labash@rocket.hpc.ut.ee:
  575  ssh labash@rocket.hpc.ut.ee 
  576  clear
  577  ssh labash@rocket.hpc.ut.ee 
  578  exit
  579  cd ../Downloads/
  580  ls
  581  sudo dnf install jre-8u151-linux-i586.rpm 
  582  ssh labash@rocket.hpc.ut.ee 
  583  exit
  584  ls
  585  vim supervised_data.csv 
  586  clear
  587  ls
  588  clear
  589  sudo dnf install luarocks-2.3.0-1.fc25.x86_64 
  590  luarocks install torch
  591  luarocks install torch /usr
  592  luarocks install torch --user
  593  luarocks install torch /user
  594  luarocks install torch /usr
  595  sudo luarocks install torch
  596  luarocks install torch
  597  luarocks-5.3 install tourch
  598  luarocks-5.3 install tourch --local
  599  luarocks install tourch --local
  600  luarocks install torch --local
  601  luarocks install torch
  602  luarocks install torch --local
  603  luarocks install torch
  604  sudo luarocks install torch
  605  sudo dnf install torch
  606  luarocks-5.3 install torch
  607  luarocks-5.3 install torch --local
  608  luarocks-admin install torch --local
  609  luarocks-admin install torch
  610  luarocks-admin
  611  sudo luarocks-5.3 install torch
  612  cd ~/experiments/
  613  ls
  614  git clone https://github.com/torch/distro.git ~/torch --recursive
  615  ls
  616  cd ~/torch/
  617  ls
  618  bash install-deps
  619  ./install.sh 
  620  ssh labash@rocket.hpc.ut.ee 
  621  clear
  622  lua
  623  clear
  624  luarocks install torch
  625  luarocks install torch --local
  626  luarocks install nn
  627  luarocks install nn --local
  628  conda --info envs
  629  conda info --envs
  630  conda create -n lua python =3
  631  conda create -n lua python=3
  632  source activate lua
  633  conda install -c conda-forge lua 
  634  luarocks install torch
  635  conda install -c conda-forge luarocks 
  636  conda remove -c conda-forge lua 
  637  conda install -c conda-forge luarocks 
  638  luarocks install torch
  639  . ~/torch/install/bin/torch-activate 
  640  luarocks install torch
  641  luarocks install nn
  642  luarocks install image
  643  luarocks install lua-cjson
  644  ls
  645  cd ~/experiments/
  646  ls
  647  git clone --recursive https://github.com/jcjohnson/fast-neural-style.git
  648  ls
  649  cd fast-neural-style/
  650  ls
  651  cd models/
  652  ls
  653  cd ..
  654  bash models/download_style_transfer_models.sh 
  655  ls
  656  ls images/
  657  th fast_neural_style.lua -model models/eccv16/starry_night.t7 -input_image 
  658  th fast_neural_style.lua -model models/eccv16/starry_night.t7 -input_image images/content/amjad.jpeg -output_image images/styles/candy.jpg 
  659  th fast_neural_style.lua -model models/eccv16/starry_night.t7 -input_image images/content/amjad.jpeg -output_image images/amjad_styled.jpg
  660  th fast_neural_style.lua -model models/eccv16/la_muse.t7 -input_image images/content/amjad.jpeg -output_image images/amjad_styled.jpg
  661  th fast_neural_style.lua -model models/eccv16/la_muse.t7 -input_image images/content/amjad.jpeg -output_image images/amjad_muse.jpg
  662  th fast_neural_style.lua -model models/eccv16/the_wave.t7 -input_image images/content/amjad.jpeg -output_image images/amjad_wave.jpg
  663  th fast_neural_style.lua -model models/eccv16/composition_vii.t7 -input_image images/content/amjad.jpeg -output_image images/amjad_wave.jpg
  664  th fast_neural_style.lua -model models/eccv16/composition_vii.t7 -input_image images/content/amjad.jpeg -output_image images/amjad_comp.jpg
  665  th fast_neural_style.lua -model models/eccv16/composition_vii.t7 -input_image images/content/adel.jpeg -output_image images/adel_comp.jpg
  666  th fast_neural_style.lua -model models/eccv16/la_muse.t7 -input_image images/content/adel.jpeg -output_image images/adel_muse.jpg
  667  th fast_neural_style.lua -model models/eccv16/the_wave.t7 -input_image images/content/adel.jpeg -output_image images/adel_wave.jpg
  668  th fast_neural_style.lua -model models/eccv16/starry_night.t7 -input_image images/content/adel.jpeg -output_image images/adel_starry.jpg
  669  clear
  670  exit
  671  ssh labash@rocket.hpc.ut.ee 
  672  exit
  673  ssh labash@rocket.hpc.ut.ee 
  674  clear
  675  exit
  676  cd PhD/
  677  ls
  678  cd Supervised/
  679  ls
  680  scp labash@rocket.hpc.ut.ee:supervized/Dataset_Supervized.py py_supervized.py
  681  scp labash@rocket.hpc.ut.ee:supervized/Dataset_Supervised.py py_supervized.py
  682  clear
  683  ls
  684  vimdiff py_supervized.py Dataset_Supervised.py 
  685  rm Dataset_Supervised.py 
  686  clear
  687  exit
  688  ssh labash@rocket.hpc.ut.ee 
  689  clear
  690  ls
  691  exit
  692  cd .
  693  cd ..
  694  ls
  695  cler
  696  clear
  697  ls
  698  cd APES/
  699  ls
  700  vim PT_All.py 
  701  nano PT_All.py 
  702  clear
  703  ssh labash@rocket.hpc.ut.ee 
  704  exit
  705  tar xvzf file.tar.gz
  706  ls
  707  sudo dnf install dtrx-7.1-10.fc26.noarch 
  708  dtrx Zotero-5.0.24_linux-x86_64.tar.bz2 
  709  clear
  710  ls
  711  cd Zotero-5.0.24_linux-x86_64/
  712  ls
  713  mv Zotero_linux-x86_64/ ../
  714  clear
  715  ls
  716  cd ..
  717  ls
  718  rm Zotero-5.0.24_linux-x86_64
  719  rm -r Zotero-5.0.24_linux-x86_64
  720  clear
  721  ls
  722  cd Zotero_linux-x86_64/
  723  ls
  724  clear
  725  ls
  726  clear
  727  ls
  728  clear
  729  ls
  730  ./zotero.desktop 
  731  ./zotero-bin 
  732  clear
  733  ls
  734  ./zotero
  735  cd ..
  736  ls
  737  clear
  738  ls
  739  rm -r Zotero_linux-x86_64
  740  rm Zotero-5.0.24_linux-x86_64.tar.bz2 
  741  clear
  742  exit
  743  ssh labash@rocket.hpc.ut.ee 
  744  clear
  745  exit
  746  ssh labash@rocket.hpc.ut.ee 
  747  exit
  748  source activate py3
  749  cd PhD/Supervised/
  750  ls
  751  vim py_supervized.py 
  752  python py_supervized.py 
  753  clear
  754  ls
  755  clear
  756  ssh labash@rocket.hpc.ut.ee 
  757  ssh labash@rocket.hpc.ut.ee 
  758  :q
  759  clear
  760  ls
  761  cleear
  762  clear
  763  conda install -n py3 config
  764  source activate py3
  765  pip install config
  766  ssh labash@rocket.hpc.ut.ee 
  767  clear
  768  ssh labash@rocket.hpc.ut.ee 
  769  clear
  770  cd ..
  771  ls
  772  clear
  773  cd ~/experiments/
  774  ls
  775  clear
  776  git clone https://github.com/coxlab/prednet.git
  777  ls
  778  cd prednet/
  779  ls
  780  clear
  781  ls
  782  python process_kitti.py 
  783  source deactiave 
  784  source deactivate 
  785  activate py2
  786  activate py5
  787  source activate py2
  788  python
  789  python process_kitti.py 
  790  conda install BeautifulSoup
  791  conda install beautifulsoup
  792  conda install bs4
  793  conda install beautifulsoup4,
  794  conda install beautifulsoup4
  795  python process_kitti.py 
  796  conda install scipy
  797  python
  798  python process_kitti.py 
  799  conda install PIL
  800  python process_kitti.py 
  801  conda install hickle
  802  pip install hickle
  803  conda install hickle
  804  python process_kitti.py 
  805  clear
  806  vim process_kitti.py 
  807  ls
  808  rm -r kitti_data
  809  claer
  810  clear
  811  ls
  812  ./download_
  813  ./download_models.sh 
  814  clear
  815  ls
  816  cd model_data_keras2/
  817  ls
  818  cd ..
  819  ls
  820  clear
  821  ls
  822  vim kitti_evaluate.py 
  823  python process_kitti.py 
  824  clear
  825  ls
  826  vim kitti_settings.py
  827  clear
  828  ssh labash@rocket.hpc.ut.ee 
  829  ls
  830  clear
  831  ssh labash@rocket.hpc.ut.ee 
  832  clear
  833  ls
  834  ssh hpc_aqeel@juur.grid.eenet.ee 
  835  ssh labash@rocket.hpc.ut.ee 
  836  clear
  837  scp hpc_aqeel@juur.grid.eenet.ee:spacetek/prednet/kitti_results/predplts.zip
  838  scp hpc_aqeel@juur.grid.eenet.ee:spacetek/prednet/kitti_results/predplts.zip .
  839  scp hpc_aqeel@juur.grid.eenet.ee:spaceteck/prednet/kitti_results .
  840  scp hpc_aqeel@juur.grid.eenet.ee:spaceteck/prednet/kitti_results/predplts.zip .
  841  clear
  842  ls
  843  ssh labash@rocket.hpc.ut.ee 
  844  clear
  845  ls
  846  cd Pictures/
  847  ls
  848  open CS16-ALPHA-BETA.png 
  849  xdg-open CS16-ALPHA-BETA.png 
  850  display Left\ arrow.jpg 
  851  claer
  852  clear
  853  exit
  854  cd Documents/
  855  ls
  856  clear
  857  source activate py3
  858  jupyter notebook
  859  cd ..
  860  jupyter notebook
  861  clear
  862  source deactivate 
  863  ssh labash@rocket.hpc.ut.ee 
  864  clear
  865  ls
  866  ssh hpc_aqeel@juur.grid.eenet.ee 
  867  clear
  868  exit
  869  ssh labash@rocket.hpc.ut.ee 
  870  exit
  871  scp hpc_aqeel@juur.grid.eenet.ee:spaceteck/prednet/raw/test.png .
  872  scp hpc_aqeel@juur.grid.eenet.ee:spaceteck/prednet/raw/plapla.png .
  873  scp hpc_aqeel@juur.grid.eenet.ee:spaceteck/prednet/raw/one.png .
  874  clear
  875  ls
  876  clear
  877  ls
  878  exit
  879  ssh hpc_aqeel@juur.grid.eenet.ee 
  880  exit
  881  ls
  882  mkdir RNN_killer
  883  ls
  884  cd RNN_killer/
  885  ls
  886  clear
  887  ls
  888  scp hpc_aqeel@juur.grid.eenet.ee:
  889  scp hpc_aqeel@juur.grid.eenet.ee:spaceteck/prednet/all_data.npy .
  890  exit
  891  ssh hpc_aqeel@juur.grid.eenet.ee 
  892  clear
  893  ls
  894  clear
  895  ls
  896  ssh hpc_aqeel@juur.grid.eenet.ee 
  897  exit
  898  ssh hpc_aqeel@juur.grid.eenet.ee 
  899  exit
  900  ssh hpc_aqeel@juur.grid.eenet.ee 
  901  clear
  902  ls
  903  ssh -x hpc_aqeel@juur.grid.eenet.ee 
  904  clear
  905  ssh hpc_aqeel@juur.grid.eenet.ee 
  906  exit
  907  cd /usr/share/fo
  908  cd /usr/share/fonts/
  909  ls
  910  exit
  911  vim resize.sh
  912  ./resize.sh
  913  chmod +x resize.sh 
  914  ./resize
  915  ./resize.sh
  916  vim resize.sh 
  917  ./resize
  918  ./resize.sh 
  919  vim resize.sh 
  920  ./resize
  921  ./resize.sh 
  922  vim resize.sh 
  923  ./resize.sh 
  924  vim resize.sh 
  925  ./resize.sh 
  926  vim resize.sh
  927  ./resize.sh 
  928  vim resize.sh 
  929  ./resize.sh 
  930  vim resize.sh 
  931  ./resize.sh 
  932  vim resize.sh 
  933  ./resize.sh 
  934  clear
  935  ls
  936  vim resize.sh 
  937  cd resized/
  938  ls
  939  rm *
  940  clear
  941  ls
  942  cd ..
  943  ls
  944  clear
  945  ls
  946  ./resize.sh 
  947  vim resize.sh 
  948  ./resize.sh 
  949  clear
  950  exit
  951  cp ~/Documents/LTAT.02.001/Practices/practice7/* .
  952  ls
  953  clear
  954  source activate py3
  955  jupyter notebook
  956  clear
  957  exit
  958  ls
  959  cd experiments/prednet/
  960  ls
  961  scp hpc_aqeel@juur.grid.eenet.ee:spaceteck/prednet/my_model.h5 .
  962  ls
  963  pwd
  964  mv my_model.h5 ../RNN_killer/
  965  cd ../RNN_killer/
  966  ls
  967  clear
  968  ls
  969  mv my_model.h5 my_model1.h5
  970  scp hpc_aqeel@juur.grid.eenet.ee:spaceteck/prednet/my_model.h5 my_model2.h5
  971  ls
  972  scp hpc_aqeel@juur.grid.eenet.ee:spaceteck/prednet/my_model.h5 my_model3.h5
  973  scp hpc_aqeel@juur.grid.eenet.ee:spaceteck/prednet/my_model.h5 my_model4_50_relu.h5
  974  scp hpc_aqeel@juur.grid.eenet.ee:spaceteck/prednet/my_model.h5 my_model5_32_relu.h5
  975  clear
  976  ssh labash@rocket.hpc.ut.ee 
  977  exit
  978  ssh labash@rocket.hpc.ut.ee
  979  clear
  980  ls
  981  cd ~/
  982  ls
  983  clear
  984  ls
  985  scp labash@rocket.hpc.ut.ee:prediction_plots.zip .
  986  clear
  987  exit
  988  ls
  989  cd LTAT.02.001/
  990  ls
  991  cd Practices/
  992  ls
  993  cd practice
  994  cd practice01/
  995  ls
  996  clear
  997  ls
  998  vim k_nearest_neighbor.py 
  999  clear
 1000  exit
 1001  ssh labash@rocket.hpc.ut.ee 
 1002  clear
 1003  cd ..
 1004  clear
 1005  ls
 1006  git status
 1007  cd ..
 1008  clear
 1009  git status
 1010  git add .
 1011  git status
 1012  git add *
 1013  clear
 1014  git status
 1015  cd Practices/
 1016  ls
 1017  clear
 1018  git status
 1019  cd ..
 1020  clear
 1021  ls
 1022  ls -a
 1023  vim .gitignore 
 1024  ls
 1025  cd Practices/
 1026  ls
 1027  vim ../.gitignore 
 1028  clear
 1029  git status
 1030  clear
 1031  ls
 1032  clar
 1033  clear
 1034  ls
 1035  git status
 1036  git add .
 1037  clear
 1038  git status
 1039  vim ../.gitignore 
 1040  git status 
 1041  cat ../.gitignore 
 1042  vim ../.gitignore 
 1043  git status
 1044  git add .
 1045  clear
 1046  git status
 1047  git commit -m 'all updates'
 1048  git push origin master 
 1049  clear
 1050  ls
 1051  cd ..
 1052  ls
 1053  clear
 1054  ls
 1055  cd ..
 1056  ls
 1057  clear
 1058  ls
 1059  cd LTAT.02.001/
 1060  ls
 1061  clear
 1062  ls
 1063  cd ..
 1064  clear
 1065  ls
 1066  cd PhD/
 1067  cd APES/
 1068  ls
 1069  vim Agent.py 
 1070  clear
 1071  ls
 1072  vim PT_All.py 
 1073  conda info --envs
 1074  history > his.out
