796
100000,1,0.001,adam,max,1000,tanh,32,2000000,1.0,0.75,0.99,100,1,False,9111,[0.0, 1000.0, -0.1],180,2,[32, 8],[3, 3],0.001,"CNN subordinate only"
795
100000,1,0.001,adam,max,1000,tanh,32,2000000,1.0,0.75,0.99,100,1,False,6654,[0.0, 1000.0, -0.1],180,2,[32, 8],[3, 3],0.001,"CNN subordinate only"
794
100000,1,0.001,adam,max,1000,tanh,32,2000000,1.0,0.75,0.99,100,1,False,5423,[0.0, 1000.0, -0.1],180,2,[32, 8],[3, 3],0.001,"CNN subordinate only"
798
100000,1,0.001,adam,max,1000,tanh,32,2000000,1.0,0.75,0.99,100,1,False,1337,[0.0, 1000.0, -0.1],180,2,[32, 8],[3, 3],0.001,"CNN subordinate only"
793
100000,1,0.001,adam,max,1000,tanh,32,2000000,1.0,0.75,0.99,100,1,False,4444,[0.0, 1000.0, -0.1],180,2,[32, 8],[3, 3],0.001,"CNN subordinate only"
792
100000,1,0.001,adam,max,1000,tanh,32,2000000,1.0,0.75,0.99,100,1,False,1111,[0.0, 1000.0, -0.1],180,2,[32, 8],[3, 3],0.001,"CNN subordinate only"
797
100000,1,0.001,adam,max,1000,tanh,32,2000000,1.0,0.75,0.99,100,1,False,1122,[0.0, 1000.0, -0.1],180,2,[32, 8],[3, 3],0.001,"CNN subordinate only"
806
100000,1,0.001,adam,max,1000,tanh,32,2000000,1.0,0.75,0.99,100,1,False,1111,[0.0, 1000.0, -0.1],180,2,[32, 8],[3, 3],0.001,"CNN subordinate only"
821
100000,1,0.001,adam,max,1000,tanh,32,2000000,1.0,0.75,0.99,100,1,False,4444,[0.0, 1000.0, -0.1],180,1,[32],[3],0.001,"CNN subordinate only"
817
100000,1,0.001,adam,max,1000,tanh,32,2000000,1.0,0.75,0.99,100,1,False,9111,[0.0, 1000.0, -0.1],180,1,[32],[5],0.001,"CNN subordinate only"
808
100000,1,0.001,adam,max,1000,tanh,32,2000000,1.0,0.75,0.99,100,1,False,5423,[0.0, 1000.0, -0.1],180,2,[32, 8],[3, 3],0.001,"CNN subordinate only"
818
100000,1,0.001,adam,max,1000,tanh,32,2000000,1.0,0.75,0.99,100,1,False,1122,[0.0, 1000.0, -0.1],180,1,[32],[5],0.001,"CNN subordinate only"
822
100000,1,0.001,adam,max,1000,tanh,32,2000000,1.0,0.75,0.99,100,1,False,5423,[0.0, 1000.0, -0.1],180,1,[32],[3],0.001,"CNN subordinate only"
823
100000,1,0.001,adam,max,1000,tanh,32,2000000,1.0,0.75,0.99,100,1,False,6654,[0.0, 1000.0, -0.1],180,1,[32],[3],0.001,"CNN subordinate only"
820
100000,1,0.001,adam,max,1000,tanh,32,2000000,1.0,0.75,0.99,100,1,False,1111,[0.0, 1000.0, -0.1],180,1,[32],[3],0.001,"CNN subordinate only"
802
100000,1,0.001,adam,max,1000,tanh,32,2000000,1.0,0.75,0.99,100,1,False,6654,[0.0, 1000.0, -0.1],180,2,[32, 8],[5, 3],0.001,"CNN subordinate only"
801
100000,1,0.001,adam,max,1000,tanh,32,2000000,1.0,0.75,0.99,100,1,False,5423,[0.0, 1000.0, -0.1],180,2,[32, 8],[5, 3],0.001,"CNN subordinate only"
799
100000,1,0.001,adam,max,1000,tanh,32,2000000,1.0,0.75,0.99,100,1,False,1111,[0.0, 1000.0, -0.1],180,2,[32, 8],[5, 3],0.001,"CNN subordinate only"
803
100000,1,0.001,adam,max,1000,tanh,32,2000000,1.0,0.75,0.99,100,1,False,9111,[0.0, 1000.0, -0.1],180,2,[32, 8],[5, 3],0.001,"CNN subordinate only"
804
100000,1,0.001,adam,max,1000,tanh,32,2000000,1.0,0.75,0.99,100,1,False,1122,[0.0, 1000.0, -0.1],180,2,[32, 8],[5, 3],0.001,"CNN subordinate only"
813
100000,1,0.001,adam,max,1000,tanh,32,2000000,1.0,0.75,0.99,100,1,False,1111,[0.0, 1000.0, -0.1],180,1,[32],[5],0.001,"CNN subordinate only"
814
100000,1,0.001,adam,max,1000,tanh,32,2000000,1.0,0.75,0.99,100,1,False,4444,[0.0, 1000.0, -0.1],180,1,[32],[5],0.001,"CNN subordinate only"
800
100000,1,0.001,adam,max,1000,tanh,32,2000000,1.0,0.75,0.99,100,1,False,4444,[0.0, 1000.0, -0.1],180,2,[32, 8],[5, 3],0.001,"CNN subordinate only"
810
100000,1,0.001,adam,max,1000,tanh,32,2000000,1.0,0.75,0.99,100,1,False,9111,[0.0, 1000.0, -0.1],180,2,[32, 8],[3, 3],0.001,"CNN subordinate only"
809
100000,1,0.001,adam,max,1000,tanh,32,2000000,1.0,0.75,0.99,100,1,False,6654,[0.0, 1000.0, -0.1],180,2,[32, 8],[3, 3],0.001,"CNN subordinate only"
819
100000,1,0.001,adam,max,1000,tanh,32,2000000,1.0,0.75,0.99,100,1,False,1337,[0.0, 1000.0, -0.1],180,1,[32],[5],0.001,"CNN subordinate only"
847
100000,1,0.001,adam,max,1000,tanh,32,2000000,1.0,0.75,0.99,100,1,False,1337,[0.0, 1000.0, -0.1],180,1,[32],[5],0.0001,"CNN subordinate only"
848
100000,1,0.001,adam,max,1000,tanh,32,2000000,1.0,0.75,0.99,100,1,False,1111,[0.0, 1000.0, -0.1],180,1,[32],[3],0.0001,"CNN subordinate only"
824
100000,1,0.001,adam,max,1000,tanh,32,2000000,1.0,0.75,0.99,100,1,False,9111,[0.0, 1000.0, -0.1],180,1,[32],[3],0.001,"CNN subordinate only"
853
100000,1,0.001,adam,max,1000,tanh,32,2000000,1.0,0.75,0.99,100,1,False,1122,[0.0, 1000.0, -0.1],180,1,[32],[3],0.0001,"CNN subordinate only"
830
100000,1,0.001,adam,max,1000,tanh,32,2000000,1.0,0.75,0.99,100,1,False,6654,[0.0, 1000.0, -0.1],180,2,[32, 8],[5, 3],0.0001,"CNN subordinate only"
815
100000,1,0.001,adam,max,1000,tanh,32,2000000,1.0,0.75,0.99,100,1,False,5423,[0.0, 1000.0, -0.1],180,1,[32],[5],0.001,"CNN subordinate only"
812
100000,1,0.001,adam,max,1000,tanh,32,2000000,1.0,0.75,0.99,100,1,False,1337,[0.0, 1000.0, -0.1],180,2,[32, 8],[3, 3],0.001,"CNN subordinate only"
825
100000,1,0.001,adam,max,1000,tanh,32,2000000,1.0,0.75,0.99,100,1,False,1122,[0.0, 1000.0, -0.1],180,1,[32],[3],0.001,"CNN subordinate only"
854
100000,1,0.001,adam,max,1000,tanh,32,2000000,1.0,0.75,0.99,100,1,False,1337,[0.0, 1000.0, -0.1],180,1,[32],[3],0.0001,"CNN subordinate only"
850
100000,1,0.001,adam,max,1000,tanh,32,2000000,1.0,0.75,0.99,100,1,False,5423,[0.0, 1000.0, -0.1],180,1,[32],[3],0.0001,"CNN subordinate only"
852
100000,1,0.001,adam,max,1000,tanh,32,2000000,1.0,0.75,0.99,100,1,False,9111,[0.0, 1000.0, -0.1],180,1,[32],[3],0.0001,"CNN subordinate only"
835
100000,1,0.001,adam,max,1000,tanh,32,2000000,1.0,0.75,0.99,100,1,False,4444,[0.0, 1000.0, -0.1],180,2,[32, 8],[3, 3],0.001,"CNN subordinate only"
849
100000,1,0.001,adam,max,1000,tanh,32,2000000,1.0,0.75,0.99,100,1,False,4444,[0.0, 1000.0, -0.1],180,1,[32],[3],0.0001,"CNN subordinate only"
816
100000,1,0.001,adam,max,1000,tanh,32,2000000,1.0,0.75,0.99,100,1,False,6654,[0.0, 1000.0, -0.1],180,1,[32],[5],0.001,"CNN subordinate only"
844
100000,1,0.001,adam,max,1000,tanh,32,2000000,1.0,0.75,0.99,100,1,False,6654,[0.0, 1000.0, -0.1],180,1,[32],[5],0.0001,"CNN subordinate only"
828
100000,1,0.001,adam,max,1000,tanh,32,2000000,1.0,0.75,0.99,100,1,False,4444,[0.0, 1000.0, -0.1],180,2,[32, 8],[5, 3],0.0001,"CNN subordinate only"
851
100000,1,0.001,adam,max,1000,tanh,32,2000000,1.0,0.75,0.99,100,1,False,6654,[0.0, 1000.0, -0.1],180,1,[32],[3],0.0001,"CNN subordinate only"
811
100000,1,0.001,adam,max,1000,tanh,32,2000000,1.0,0.75,0.99,100,1,False,1122,[0.0, 1000.0, -0.1],180,2,[32, 8],[3, 3],0.001,"CNN subordinate only"
846
100000,1,0.001,adam,max,1000,tanh,32,2000000,1.0,0.75,0.99,100,1,False,1122,[0.0, 1000.0, -0.1],180,1,[32],[5],0.0001,"CNN subordinate only"
826
100000,1,0.001,adam,max,1000,tanh,32,2000000,1.0,0.75,0.99,100,1,False,1337,[0.0, 1000.0, -0.1],180,1,[32],[3],0.001,"CNN subordinate only"
842
100000,1,0.001,adam,max,1000,tanh,32,2000000,1.0,0.75,0.99,100,1,False,4444,[0.0, 1000.0, -0.1],180,1,[32],[5],0.0001,"CNN subordinate only"
833
100000,1,0.001,adam,max,1000,tanh,32,2000000,1.0,0.75,0.99,100,1,False,1337,[0.0, 1000.0, -0.1],180,2,[32, 8],[5, 3],0.0001,"CNN subordinate only"
829
100000,1,0.001,adam,max,1000,tanh,32,2000000,1.0,0.75,0.99,100,1,False,5423,[0.0, 1000.0, -0.1],180,2,[32, 8],[5, 3],0.0001,"CNN subordinate only"
805
100000,1,0.001,adam,max,1000,tanh,32,2000000,1.0,0.75,0.99,100,1,False,1337,[0.0, 1000.0, -0.1],180,2,[32, 8],[5, 3],0.001,"CNN subordinate only"
838
100000,1,0.001,adam,max,1000,tanh,32,2000000,1.0,0.75,0.99,100,1,False,9111,[0.0, 1000.0, -0.1],180,2,[32, 8],[3, 3],0.001,"CNN subordinate only"
827
100000,1,0.001,adam,max,1000,tanh,32,2000000,1.0,0.75,0.99,100,1,False,1111,[0.0, 1000.0, -0.1],180,2,[32, 8],[5, 3],0.0001,"CNN subordinate only"
843
100000,1,0.001,adam,max,1000,tanh,32,2000000,1.0,0.75,0.99,100,1,False,5423,[0.0, 1000.0, -0.1],180,1,[32],[5],0.0001,"CNN subordinate only"
831
100000,1,0.001,adam,max,1000,tanh,32,2000000,1.0,0.75,0.99,100,1,False,9111,[0.0, 1000.0, -0.1],180,2,[32, 8],[5, 3],0.0001,"CNN subordinate only"
807
100000,1,0.001,adam,max,1000,tanh,32,2000000,1.0,0.75,0.99,100,1,False,4444,[0.0, 1000.0, -0.1],180,2,[32, 8],[3, 3],0.001,"CNN subordinate only"
837
100000,1,0.001,adam,max,1000,tanh,32,2000000,1.0,0.75,0.99,100,1,False,6654,[0.0, 1000.0, -0.1],180,2,[32, 8],[3, 3],0.001,"CNN subordinate only"
841
100000,1,0.001,adam,max,1000,tanh,32,2000000,1.0,0.75,0.99,100,1,False,1111,[0.0, 1000.0, -0.1],180,1,[32],[5],0.0001,"CNN subordinate only"
840
100000,1,0.001,adam,max,1000,tanh,32,2000000,1.0,0.75,0.99,100,1,False,1337,[0.0, 1000.0, -0.1],180,2,[32, 8],[3, 3],0.001,"CNN subordinate only"
839
100000,1,0.001,adam,max,1000,tanh,32,2000000,1.0,0.75,0.99,100,1,False,1122,[0.0, 1000.0, -0.1],180,2,[32, 8],[3, 3],0.001,"CNN subordinate only"
845
100000,1,0.001,adam,max,1000,tanh,32,2000000,1.0,0.75,0.99,100,1,False,9111,[0.0, 1000.0, -0.1],180,1,[32],[5],0.0001,"CNN subordinate only"
832
100000,1,0.001,adam,max,1000,tanh,32,2000000,1.0,0.75,0.99,100,1,False,1122,[0.0, 1000.0, -0.1],180,2,[32, 8],[5, 3],0.0001,"CNN subordinate only"
836
100000,1,0.001,adam,max,1000,tanh,32,2000000,1.0,0.75,0.99,100,1,False,5423,[0.0, 1000.0, -0.1],180,2,[32, 8],[3, 3],0.001,"CNN subordinate only"
834
100000,1,0.001,adam,max,1000,tanh,32,2000000,1.0,0.75,0.99,100,1,False,1111,[0.0, 1000.0, -0.1],180,2,[32, 8],[3, 3],0.001,"CNN subordinate only"
858
100000,1,0.001,adam,avg,1000,relu,32,2000000,1.0,0.75,0.99,100,1,False,6654,[0.0, 1000.0, -0.1],180,2,[32, 16],[3, 3],0.001,"CNN subordinate only"
861
100000,1,0.001,adam,avg,1000,relu,32,2000000,1.0,0.75,0.99,100,1,False,1337,[0.0, 1000.0, -0.1],180,2,[32, 16],[3, 3],0.001,"CNN subordinate only"
856
100000,1,0.001,adam,avg,1000,relu,32,2000000,1.0,0.75,0.99,100,1,False,4444,[0.0, 1000.0, -0.1],180,2,[32, 16],[3, 3],0.001,"CNN subordinate only"
859
100000,1,0.001,adam,avg,1000,relu,32,2000000,1.0,0.75,0.99,100,1,False,9111,[0.0, 1000.0, -0.1],180,2,[32, 16],[3, 3],0.001,"CNN subordinate only"
860
100000,1,0.001,adam,avg,1000,relu,32,2000000,1.0,0.75,0.99,100,1,False,1122,[0.0, 1000.0, -0.1],180,2,[32, 16],[3, 3],0.001,"CNN subordinate only"
857
100000,1,0.001,adam,avg,1000,relu,32,2000000,1.0,0.75,0.99,100,1,False,5423,[0.0, 1000.0, -0.1],180,2,[32, 16],[3, 3],0.001,"CNN subordinate only"
855
100000,1,0.001,adam,avg,1000,relu,32,2000000,1.0,0.75,0.99,100,1,False,1111,[0.0, 1000.0, -0.1],180,2,[32, 16],[3, 3],0.001,"CNN subordinate only"
903
100000,1,0.001,adam,avg,1000,relu,32,2000000,0.1,0.75,0.99,100,1,False,1337,[-10.0, 1000.0, -0.1],180,2,[32, 16],[3, 3],0.001,"CNN subordinate only"
896
100000,1,0.001,adam,max,1000,tanh,32,2000000,0.1,0.75,0.99,100,1,False,1337,[-10.0, 1000.0, -0.1],180,2,[32, 8],[3, 3],0.001,"CNN subordinate only"
902
100000,1,0.001,adam,avg,1000,relu,32,2000000,0.1,0.75,0.99,100,1,False,1122,[-10.0, 1000.0, -0.1],180,2,[32, 16],[3, 3],0.001,"CNN subordinate only"
879
100000,1,0.001,adam,avg,1000,relu,32,2000000,1.0,0.75,0.99,100,1,False,6654,[-10.0, 1000.0, -0.1],180,2,[32, 16],[3, 3],0.001,"CNN subordinate only"
897
100000,1,0.001,adam,avg,1000,relu,32,2000000,0.1,0.75,0.99,100,1,False,1111,[-10.0, 1000.0, -0.1],180,2,[32, 16],[3, 3],0.001,"CNN subordinate only"
868
100000,1,0.001,adam,max,1000,tanh,32,2000000,1.0,0.75,0.99,100,1,False,1337,[-10.0, 1000.0, -0.1],180,2,[32, 8],[3, 3],0.001,"CNN Curriculum"
884
100000,1,0.001,adam,max,1000,tanh,32,2000000,0.1,0.75,0.99,100,1,False,4444,[-10.0, 1000.0, -0.1],180,2,[32, 8],[3, 3],0.001,"CNN subordinate only"
888
100000,1,0.001,adam,max,1000,tanh,32,2000000,0.1,0.75,0.99,100,1,False,1122,[-10.0, 1000.0, -0.1],180,2,[32, 8],[3, 3],0.001,"CNN subordinate only"
895
100000,1,0.001,adam,max,1000,tanh,32,2000000,0.1,0.75,0.99,100,1,False,1122,[-10.0, 1000.0, -0.1],180,2,[32, 8],[3, 3],0.001,"CNN subordinate only"
886
100000,1,0.001,adam,max,1000,tanh,32,2000000,0.1,0.75,0.99,100,1,False,6654,[-10.0, 1000.0, -0.1],180,2,[32, 8],[3, 3],0.001,"CNN subordinate only"
898
100000,1,0.001,adam,avg,1000,relu,32,2000000,0.1,0.75,0.99,100,1,False,4444,[-10.0, 1000.0, -0.1],180,2,[32, 16],[3, 3],0.001,"CNN subordinate only"
863
100000,1,0.001,adam,max,1000,tanh,32,2000000,1.0,0.75,0.99,100,1,False,4444,[-10.0, 1000.0, -0.1],180,2,[32, 8],[3, 3],0.001,"CNN Curriculum"
887
100000,1,0.001,adam,max,1000,tanh,32,2000000,0.1,0.75,0.99,100,1,False,9111,[-10.0, 1000.0, -0.1],180,2,[32, 8],[3, 3],0.001,"CNN subordinate only"
862
100000,1,0.001,adam,max,1000,tanh,32,2000000,1.0,0.75,0.99,100,1,False,1111,[-10.0, 1000.0, -0.1],180,2,[32, 8],[3, 3],0.001,"CNN Curriculum"
873
100000,1,0.001,adam,max,1000,tanh,32,2000000,1.0,0.75,0.99,100,1,False,9111,[-10.0, 1000.0, -0.1],180,2,[32, 8],[3, 3],0.001,"CNN Curriculum"
901
100000,1,0.001,adam,avg,1000,relu,32,2000000,0.1,0.75,0.99,100,1,False,9111,[-10.0, 1000.0, -0.1],180,2,[32, 16],[3, 3],0.001,"CNN subordinate only"
891
100000,1,0.001,adam,max,1000,tanh,32,2000000,0.1,0.75,0.99,100,1,False,4444,[-10.0, 1000.0, -0.1],180,2,[32, 8],[3, 3],0.001,"CNN subordinate only"
869
100000,1,0.001,adam,max,1000,tanh,32,2000000,1.0,0.75,0.99,100,1,False,1111,[-10.0, 1000.0, -0.1],180,2,[32, 8],[3, 3],0.001,"CNN Curriculum"
885
100000,1,0.001,adam,max,1000,tanh,32,2000000,0.1,0.75,0.99,100,1,False,5423,[-10.0, 1000.0, -0.1],180,2,[32, 8],[3, 3],0.001,"CNN subordinate only"
870
100000,1,0.001,adam,max,1000,tanh,32,2000000,1.0,0.75,0.99,100,1,False,4444,[-10.0, 1000.0, -0.1],180,2,[32, 8],[3, 3],0.001,"CNN Curriculum"
880
100000,1,0.001,adam,avg,1000,relu,32,2000000,1.0,0.75,0.99,100,1,False,9111,[-10.0, 1000.0, -0.1],180,2,[32, 16],[3, 3],0.001,"CNN subordinate only"
881
100000,1,0.001,adam,avg,1000,relu,32,2000000,1.0,0.75,0.99,100,1,False,1122,[-10.0, 1000.0, -0.1],180,2,[32, 16],[3, 3],0.001,"CNN subordinate only"
866
100000,1,0.001,adam,max,1000,tanh,32,2000000,1.0,0.75,0.99,100,1,False,9111,[-10.0, 1000.0, -0.1],180,2,[32, 8],[3, 3],0.001,"CNN Curriculum"
883
100000,1,0.001,adam,max,1000,tanh,32,2000000,0.1,0.75,0.99,100,1,False,1111,[-10.0, 1000.0, -0.1],180,2,[32, 8],[3, 3],0.001,"CNN subordinate only"
871
100000,1,0.001,adam,max,1000,tanh,32,2000000,1.0,0.75,0.99,100,1,False,5423,[-10.0, 1000.0, -0.1],180,2,[32, 8],[3, 3],0.001,"CNN Curriculum"
875
100000,1,0.001,adam,max,1000,tanh,32,2000000,1.0,0.75,0.99,100,1,False,1337,[-10.0, 1000.0, -0.1],180,2,[32, 8],[3, 3],0.001,"CNN Curriculum"
890
100000,1,0.001,adam,max,1000,tanh,32,2000000,0.1,0.75,0.99,100,1,False,1111,[-10.0, 1000.0, -0.1],180,2,[32, 8],[3, 3],0.001,"CNN subordinate only"
892
100000,1,0.001,adam,max,1000,tanh,32,2000000,0.1,0.75,0.99,100,1,False,5423,[-10.0, 1000.0, -0.1],180,2,[32, 8],[3, 3],0.001,"CNN subordinate only"
872
100000,1,0.001,adam,max,1000,tanh,32,2000000,1.0,0.75,0.99,100,1,False,6654,[-10.0, 1000.0, -0.1],180,2,[32, 8],[3, 3],0.001,"CNN Curriculum"
878
100000,1,0.001,adam,avg,1000,relu,32,2000000,1.0,0.75,0.99,100,1,False,5423,[-10.0, 1000.0, -0.1],180,2,[32, 16],[3, 3],0.001,"CNN subordinate only"
882
100000,1,0.001,adam,avg,1000,relu,32,2000000,1.0,0.75,0.99,100,1,False,1337,[-10.0, 1000.0, -0.1],180,2,[32, 16],[3, 3],0.001,"CNN subordinate only"
874
100000,1,0.001,adam,max,1000,tanh,32,2000000,1.0,0.75,0.99,100,1,False,1122,[-10.0, 1000.0, -0.1],180,2,[32, 8],[3, 3],0.001,"CNN Curriculum"
867
100000,1,0.001,adam,max,1000,tanh,32,2000000,1.0,0.75,0.99,100,1,False,1122,[-10.0, 1000.0, -0.1],180,2,[32, 8],[3, 3],0.001,"CNN Curriculum"
893
100000,1,0.001,adam,max,1000,tanh,32,2000000,0.1,0.75,0.99,100,1,False,6654,[-10.0, 1000.0, -0.1],180,2,[32, 8],[3, 3],0.001,"CNN subordinate only"
865
100000,1,0.001,adam,max,1000,tanh,32,2000000,1.0,0.75,0.99,100,1,False,6654,[-10.0, 1000.0, -0.1],180,2,[32, 8],[3, 3],0.001,"CNN Curriculum"
877
100000,1,0.001,adam,avg,1000,relu,32,2000000,1.0,0.75,0.99,100,1,False,4444,[-10.0, 1000.0, -0.1],180,2,[32, 16],[3, 3],0.001,"CNN subordinate only"
900
100000,1,0.001,adam,avg,1000,relu,32,2000000,0.1,0.75,0.99,100,1,False,6654,[-10.0, 1000.0, -0.1],180,2,[32, 16],[3, 3],0.001,"CNN subordinate only"
899
100000,1,0.001,adam,avg,1000,relu,32,2000000,0.1,0.75,0.99,100,1,False,5423,[-10.0, 1000.0, -0.1],180,2,[32, 16],[3, 3],0.001,"CNN subordinate only"
894
100000,1,0.001,adam,max,1000,tanh,32,2000000,0.1,0.75,0.99,100,1,False,9111,[-10.0, 1000.0, -0.1],180,2,[32, 8],[3, 3],0.001,"CNN subordinate only"
864
100000,1,0.001,adam,max,1000,tanh,32,2000000,1.0,0.75,0.99,100,1,False,5423,[-10.0, 1000.0, -0.1],180,2,[32, 8],[3, 3],0.001,"CNN Curriculum"
889
100000,1,0.001,adam,max,1000,tanh,32,2000000,0.1,0.75,0.99,100,1,False,1337,[-10.0, 1000.0, -0.1],180,2,[32, 8],[3, 3],0.001,"CNN subordinate only"
876
100000,1,0.001,adam,avg,1000,relu,32,2000000,1.0,0.75,0.99,100,1,False,1111,[-10.0, 1000.0, -0.1],180,2,[32, 16],[3, 3],0.001,"CNN subordinate only"
101010
100000,1,0.001,adam,avg,1000,relu,10,1000000,0.1,0.75,0.99,100,1,False,1337,[-10, 1000, -0.1],180,""
101010
100000,1,0.001,adam,avg,1000,relu,10,1000000,0.1,0.75,0.99,100,1,False,1337,[-10, 1000, -0.1],180,""
101010
100000,1,0.001,adam,avg,1000,relu,10,1000000,0.1,0.75,0.99,100,1,False,1337,[-10, 1000, -0.1],180,""
101010
100000,1,0.001,adam,avg,1000,relu,10,1000000,0.1,0.75,0.99,100,1,False,1337,[-10, 1000, -0.1],180,""
101010
100000,1,0.001,adam,avg,1000,relu,10,1000000,0.1,0.75,0.99,100,1,False,1337,[-10, 1000, -0.1],180,""
1271
1000,0.001,adam,max,100,tanh,16,6000000,1.0,0.75,0.99,32,4,False,1122,[0.0, 1000.0, -0.1],180,"End to End,DM + duel, Random seed"
1269
1000,0.001,adam,max,100,tanh,16,6000000,1.0,0.75,0.99,32,4,False,6654,[0.0, 1000.0, -0.1],180,"End to End,DM + duel, Random seed"
1270
1000,0.001,adam,max,100,tanh,16,6000000,1.0,0.75,0.99,32,4,False,9111,[0.0, 1000.0, -0.1],180,"End to End,DM + duel, Random seed"
1266
1000,0.001,adam,max,100,tanh,16,6000000,1.0,0.75,0.99,32,4,False,1111,[0.0, 1000.0, -0.1],180,"End to End,DM + duel, Random seed"
1267
1000,0.001,adam,max,100,tanh,16,6000000,1.0,0.75,0.99,32,4,False,4444,[0.0, 1000.0, -0.1],180,"End to End,DM + duel, Random seed"
1272
1000,0.001,adam,max,100,tanh,16,6000000,1.0,0.75,0.99,32,4,False,1337,[0.0, 1000.0, -0.1],180,"End to End,DM + duel, Random seed"
1268
1000,0.001,adam,max,100,tanh,16,6000000,1.0,0.75,0.99,32,4,False,5423,[0.0, 1000.0, -0.1],180,"End to End,DM + duel, Random seed"
1248
1000,0.001,adam,max,100,tanh,16,6000000,1.0,0.75,0.99,32,4,False,6654,[0.0, 1000.0, -0.1],180,"End to End,DM + duel,"
1252
1000,0.001,adam,max,100,tanh,16,6000000,1.0,0.75,0.99,32,4,False,1111,[0.0, 1000.0, -0.1],180,"End to End,DM + duel,"
1251
1000,0.001,adam,max,100,tanh,16,6000000,1.0,0.75,0.99,32,4,False,1337,[0.0, 1000.0, -0.1],180,"End to End,DM + duel,"
1263
1000,0.001,adam,max,100,tanh,16,20000000,1.0,0.75,0.99,32,4,False,9111,[0.0, 1000.0, -0.1],180,"End to End,DM + duel,"
1265
1000,0.001,adam,max,100,tanh,16,20000000,1.0,0.75,0.99,32,4,False,1337,[0.0, 1000.0, -0.1],180,"End to End,DM + duel,"
1255
1000,0.001,adam,max,100,tanh,16,6000000,1.0,0.75,0.99,32,4,False,6654,[0.0, 1000.0, -0.1],180,"End to End,DM + duel,"
1253
1000,0.001,adam,max,100,tanh,16,6000000,1.0,0.75,0.99,32,4,False,4444,[0.0, 1000.0, -0.1],180,"End to End,DM + duel,"
1245
1000,0.001,adam,max,100,tanh,16,6000000,1.0,0.75,0.99,32,4,False,1111,[0.0, 1000.0, -0.1],180,"End to End,DM + duel,"
1246
1000,0.001,adam,max,100,tanh,16,6000000,1.0,0.75,0.99,32,4,False,4444,[0.0, 1000.0, -0.1],180,"End to End,DM + duel,"
1250
1000,0.001,adam,max,100,tanh,16,6000000,1.0,0.75,0.99,32,4,False,1122,[0.0, 1000.0, -0.1],180,"End to End,DM + duel,"
1247
1000,0.001,adam,max,100,tanh,16,6000000,1.0,0.75,0.99,32,4,False,5423,[0.0, 1000.0, -0.1],180,"End to End,DM + duel,"
1249
1000,0.001,adam,max,100,tanh,16,6000000,1.0,0.75,0.99,32,4,False,9111,[0.0, 1000.0, -0.1],180,"End to End,DM + duel,"
1261
1000,0.001,adam,max,100,tanh,16,20000000,1.0,0.75,0.99,32,4,False,5423,[0.0, 1000.0, -0.1],180,"End to End,DM + duel,"
1262
1000,0.001,adam,max,100,tanh,16,20000000,1.0,0.75,0.99,32,4,False,6654,[0.0, 1000.0, -0.1],180,"End to End,DM + duel,"
1256
1000,0.001,adam,max,100,tanh,16,6000000,1.0,0.75,0.99,32,4,False,9111,[0.0, 1000.0, -0.1],180,"End to End,DM + duel,"
1257
1000,0.001,adam,max,100,tanh,16,6000000,1.0,0.75,0.99,32,4,False,1122,[0.0, 1000.0, -0.1],180,"End to End,DM + duel,"
1264
1000,0.001,adam,max,100,tanh,16,20000000,1.0,0.75,0.99,32,4,False,1122,[0.0, 1000.0, -0.1],180,"End to End,DM + duel,"
1259
1000,0.001,adam,max,100,tanh,16,20000000,1.0,0.75,0.99,32,4,False,1111,[0.0, 1000.0, -0.1],180,"End to End,DM + duel,"
1258
1000,0.001,adam,max,100,tanh,16,6000000,1.0,0.75,0.99,32,4,False,1337,[0.0, 1000.0, -0.1],180,"End to End,DM + duel,"
1254
1000,0.001,adam,max,100,tanh,16,6000000,1.0,0.75,0.99,32,4,False,5423,[0.0, 1000.0, -0.1],180,"End to End,DM + duel,"
1260
1000,0.001,adam,max,100,tanh,16,20000000,1.0,0.75,0.99,32,4,False,4444,[0.0, 1000.0, -0.1],180,"End to End,DM + duel,"
540
100000,1,0.001,adam,max,1000,tanh,32,2000000,1.0,0.75,0.99,100,1,False,4444,[-10.0, 1000.0, -0.1],180,"Zombie, duel,nactions: 4"
544
100000,1,0.001,adam,max,1000,tanh,32,2000000,1.0,0.75,0.99,100,1,False,1122,[-10.0, 1000.0, -0.1],180,"Zombie, duel,nactions: 4"
543
100000,1,0.001,adam,max,1000,tanh,32,2000000,1.0,0.75,0.99,100,1,False,9111,[-10.0, 1000.0, -0.1],180,"Zombie, duel,nactions: 4"
539
100000,1,0.001,adam,max,1000,tanh,32,2000000,1.0,0.75,0.99,100,1,False,1111,[-10.0, 1000.0, -0.1],180,"Zombie, duel,nactions: 4"
542
100000,1,0.001,adam,max,1000,tanh,32,2000000,1.0,0.75,0.99,100,1,False,6654,[-10.0, 1000.0, -0.1],180,"Zombie, duel,nactions: 4"
541
100000,1,0.001,adam,max,1000,tanh,32,2000000,1.0,0.75,0.99,100,1,False,5423,[-10.0, 1000.0, -0.1],180,"Zombie, duel,nactions: 4"
597
100000,1,0.001,adam,max,1000,tanh,32,500000,0.1,0.75,0.99,100,1,False,5423,[-10.0, 1000.0, -0.1],180,"Punishment, B:541 duel,nactions: 4"
600
100000,1,0.001,adam,max,1000,tanh,32,500000,0.1,0.75,0.99,100,1,False,1122,[-10.0, 1000.0, -0.1],180,"Punishment, B:541 duel,nactions: 4"
596
100000,1,0.001,adam,max,1000,tanh,32,500000,0.1,0.75,0.99,100,1,False,4444,[-10.0, 1000.0, -0.1],180,"Punishment, B:541 duel,nactions: 4"
595
100000,1,0.001,adam,max,1000,tanh,32,500000,0.1,0.75,0.99,100,1,False,1111,[-10.0, 1000.0, -0.1],180,"Punishment, B:541 duel,nactions: 4"
601
100000,1,0.001,adam,max,1000,tanh,32,500000,0.1,0.75,0.99,100,1,False,1337,[-10.0, 1000.0, -0.1],180,"Punishment, B:541 duel,nactions: 4"
598
100000,1,0.001,adam,max,1000,tanh,32,500000,0.1,0.75,0.99,100,1,False,6654,[-10.0, 1000.0, -0.1],180,"Punishment, B:541 duel,nactions: 4"
599
100000,1,0.001,adam,max,1000,tanh,32,500000,0.1,0.75,0.99,100,1,False,9111,[-10.0, 1000.0, -0.1],180,"Punishment, B:541 duel,nactions: 4"
595
100000,1,0.001,adam,max,1000,tanh,32,500000,0.1,0.75,0.99,100,1,False,1111,[-10.0, 1000.0, -0.1],180,"Punishment, B:541 duel,nactions: 4"
599
100000,1,0.001,adam,max,1000,tanh,32,500000,0.1,0.75,0.99,100,1,False,9111,[-10.0, 1000.0, -0.1],180,"Punishment, B:541 duel,nactions: 4"
598
100000,1,0.001,adam,max,1000,tanh,32,500000,0.1,0.75,0.99,100,1,False,6654,[-10.0, 1000.0, -0.1],180,"Punishment, B:541 duel,nactions: 4"
600
100000,1,0.001,adam,max,1000,tanh,32,500000,0.1,0.75,0.99,100,1,False,1122,[-10.0, 1000.0, -0.1],180,"Punishment, B:541 duel,nactions: 4"
601
100000,1,0.001,adam,max,1000,tanh,32,500000,0.1,0.75,0.99,100,1,False,1337,[-10.0, 1000.0, -0.1],180,"Punishment, B:541 duel,nactions: 4"
597
100000,1,0.001,adam,max,1000,tanh,32,500000,0.1,0.75,0.99,100,1,False,5423,[-10.0, 1000.0, -0.1],180,"Punishment, B:541 duel,nactions: 4"
596
100000,1,0.001,adam,max,1000,tanh,32,500000,0.1,0.75,0.99,100,1,False,4444,[-10.0, 1000.0, -0.1],180,"Punishment, B:541 duel,nactions: 4"
1515
100000,1,0.001,adam,max,1000,tanh,32,2000000,0.1,0.75,0.99,100,1,False,9111,[-10.0, 1000.0, -0.1],180,"Punishment, B:541 duel,nactions: 4"
1516
100000,1,0.001,adam,max,1000,tanh,32,2000000,0.1,0.75,0.99,100,1,False,1122,[-10.0, 1000.0, -0.1],180,"Punishment, B:541 duel,nactions: 4"
1517
100000,1,0.001,adam,max,1000,tanh,32,2000000,0.1,0.75,0.99,100,1,False,1337,[-10.0, 1000.0, -0.1],180,"Punishment, B:541 duel,nactions: 4"
1514
100000,1,0.001,adam,max,1000,tanh,32,2000000,0.1,0.75,0.99,100,1,False,6654,[-10.0, 1000.0, -0.1],180,"Punishment, B:541 duel,nactions: 4"
1512
100000,1,0.001,adam,max,1000,tanh,32,2000000,0.1,0.75,0.99,100,1,False,4444,[-10.0, 1000.0, -0.1],180,"Punishment, B:541 duel,nactions: 4"
1511
100000,1,0.001,adam,max,1000,tanh,32,2000000,0.1,0.75,0.99,100,1,False,1111,[-10.0, 1000.0, -0.1],180,"Punishment, B:541 duel,nactions: 4"
1513
100000,1,0.001,adam,max,1000,tanh,32,2000000,0.1,0.75,0.99,100,1,False,5423,[-10.0, 1000.0, -0.1],180,"Punishment, B:541 duel,nactions: 4"
599
100000,1,0.001,adam,max,1000,tanh,32,500000,0.1,0.75,0.99,100,1,False,9111,[-10.0, 1000.0, -0.1],180,"punishment, b:541 duel,nactions: 4"
912
100000,1,0.001,adam,max,1000,tanh,32,1000000,0.1,0.75,0.99,100,1,False,4444,[-10.0, 1000.0, -0.1],180,"punishment when dom see food, b:541 duel,nactions: 4"
937
100000,1,0.001,adam,max,1000,tanh,32,1000000,0.1,0.75,0.99,100,1,False,1122,[-10.0, 1000.0, -0.1],180,"punishment when dom see food with supervised layer 5 cat, b:541 duel,nactions: 4"
935
100000,1,0.001,adam,max,1000,tanh,32,1000000,0.1,0.75,0.99,100,1,False,6654,[-10.0, 1000.0, -0.1],180,"punishment when dom see food with supervised layer 5 cat, b:541 duel,nactions: 4"
938
100000,1,0.001,adam,max,1000,tanh,32,1000000,0.1,0.75,0.99,100,1,False,1337,[-10.0, 1000.0, -0.1],180,"punishment when dom see food with supervised layer 5 cat, b:541 duel,nactions: 4"
936
100000,1,0.001,adam,max,1000,tanh,32,1000000,0.1,0.75,0.99,100,1,False,9111,[-10.0, 1000.0, -0.1],180,"punishment when dom see food with supervised layer 5 cat, b:541 duel,nactions: 4"
934
100000,1,0.001,adam,max,1000,tanh,32,1000000,0.1,0.75,0.99,100,1,False,5423,[-10.0, 1000.0, -0.1],180,"punishment when dom see food with supervised layer 5 cat, b:541 duel,nactions: 4"
932
100000,1,0.001,adam,max,1000,tanh,32,1000000,0.1,0.75,0.99,100,1,False,1111,[-10.0, 1000.0, -0.1],180,"punishment when dom see food with supervised layer 5 cat, b:541 duel,nactions: 4"
926
100000,1,0.001,adam,max,1000,tanh,32,1000000,0.1,0.75,0.99,100,1,False,4444,[-10.0, 1000.0, -0.1],180,"punishment when dom see food with supervised layer 3 cat, b:541 duel,nactions: 4"
931
100000,1,0.001,adam,max,1000,tanh,32,1000000,0.1,0.75,0.99,100,1,False,1337,[-10.0, 1000.0, -0.1],180,"punishment when dom see food with supervised layer 3 cat, b:541 duel,nactions: 4"
930
100000,1,0.001,adam,max,1000,tanh,32,1000000,0.1,0.75,0.99,100,1,False,1122,[-10.0, 1000.0, -0.1],180,"punishment when dom see food with supervised layer 3 cat, b:541 duel,nactions: 4"
924
100000,1,0.001,adam,max,1000,tanh,32,1000000,0.1,0.75,0.99,100,1,False,1337,[-10.0, 1000.0, -0.1],180,"punishment when dom see food with supervised layer 2 cat, b:541 duel,nactions: 4"
933
100000,1,0.001,adam,max,1000,tanh,32,1000000,0.1,0.75,0.99,100,1,False,4444,[-10.0, 1000.0, -0.1],180,"punishment when dom see food with supervised layer 5 cat, b:541 duel,nactions: 4"
911
100000,1,0.001,adam,max,1000,tanh,32,1000000,0.1,0.75,0.99,100,1,False,1111,[-10.0, 1000.0, -0.1],180,"punishment when dom see food, b:541 duel,nactions: 4"
927
100000,1,0.001,adam,max,1000,tanh,32,1000000,0.1,0.75,0.99,100,1,False,5423,[-10.0, 1000.0, -0.1],180,"punishment when dom see food with supervised layer 3 cat, b:541 duel,nactions: 4"
929
100000,1,0.001,adam,max,1000,tanh,32,1000000,0.1,0.75,0.99,100,1,False,9111,[-10.0, 1000.0, -0.1],180,"punishment when dom see food with supervised layer 3 cat, b:541 duel,nactions: 4"
925
100000,1,0.001,adam,max,1000,tanh,32,1000000,0.1,0.75,0.99,100,1,False,1111,[-10.0, 1000.0, -0.1],180,"punishment when dom see food with supervised layer 3 cat, b:541 duel,nactions: 4"
928
100000,1,0.001,adam,max,1000,tanh,32,1000000,0.1,0.75,0.99,100,1,False,6654,[-10.0, 1000.0, -0.1],180,"punishment when dom see food with supervised layer 3 cat, b:541 duel,nactions: 4"
921
100000,1,0.001,adam,max,1000,tanh,32,1000000,0.1,0.75,0.99,100,1,False,6654,[-10.0, 1000.0, -0.1],180,"punishment when dom see food with supervised layer 2 cat, b:541 duel,nactions: 4"
916
100000,1,0.001,adam,max,1000,tanh,32,1000000,0.1,0.75,0.99,100,1,False,1122,[-10.0, 1000.0, -0.1],180,"punishment when dom see food, b:541 duel,nactions: 4"
915
100000,1,0.001,adam,max,1000,tanh,32,1000000,0.1,0.75,0.99,100,1,False,9111,[-10.0, 1000.0, -0.1],180,"punishment when dom see food, b:541 duel,nactions: 4"
917
100000,1,0.001,adam,max,1000,tanh,32,1000000,0.1,0.75,0.99,100,1,False,1337,[-10.0, 1000.0, -0.1],180,"punishment when dom see food, b:541 duel,nactions: 4"
920
100000,1,0.001,adam,max,1000,tanh,32,1000000,0.1,0.75,0.99,100,1,False,5423,[-10.0, 1000.0, -0.1],180,"punishment when dom see food with supervised layer 2 cat, b:541 duel,nactions: 4"
913
100000,1,0.001,adam,max,1000,tanh,32,1000000,0.1,0.75,0.99,100,1,False,5423,[-10.0, 1000.0, -0.1],180,"punishment when dom see food, b:541 duel,nactions: 4"
922
100000,1,0.001,adam,max,1000,tanh,32,1000000,0.1,0.75,0.99,100,1,False,9111,[-10.0, 1000.0, -0.1],180,"punishment when dom see food with supervised layer 2 cat, b:541 duel,nactions: 4"
914
100000,1,0.001,adam,max,1000,tanh,32,1000000,0.1,0.75,0.99,100,1,False,6654,[-10.0, 1000.0, -0.1],180,"punishment when dom see food, b:541 duel,nactions: 4"
923
100000,1,0.001,adam,max,1000,tanh,32,1000000,0.1,0.75,0.99,100,1,False,1122,[-10.0, 1000.0, -0.1],180,"punishment when dom see food with supervised layer 2 cat, b:541 duel,nactions: 4"
919
100000,1,0.001,adam,max,1000,tanh,32,1000000,0.1,0.75,0.99,100,1,False,4444,[-10.0, 1000.0, -0.1],180,"punishment when dom see food with supervised layer 2 cat, b:541 duel,nactions: 4"
918
100000,1,0.001,adam,max,1000,tanh,32,1000000,0.1,0.75,0.99,100,1,False,1111,[-10.0, 1000.0, -0.1],180,"punishment when dom see food with supervised layer 2 cat, b:541 duel,nactions: 4"
949
100000,1,0.001,adam,max,1000,tanh,32,1000000,0.1,0.75,0.99,100,1,False,6654,[-10.0, 1000.0, -0.1],180,"with supervised layer 2 cat, b:541 duel,nactions: 4"
941
100000,1,0.001,adam,max,1000,tanh,32,1000000,0.1,0.75,0.99,100,1,False,5423,[-10.0, 1000.0, -0.1],180,"b:541 duel,nactions: 4"
942
100000,1,0.001,adam,max,1000,tanh,32,1000000,0.1,0.75,0.99,100,1,False,6654,[-10.0, 1000.0, -0.1],180,"b:541 duel,nactions: 4"
961
100000,1,0.001,adam,max,1000,tanh,32,1000000,0.1,0.75,0.99,100,1,False,4444,[-10.0, 1000.0, -0.1],180,"With supervised layer 5 cat, b:541 duel,nactions: 4"
966
100000,1,0.001,adam,max,1000,tanh,32,1000000,0.1,0.75,0.99,100,1,False,1337,[-10.0, 1000.0, -0.1],180,"With supervised layer 5 cat, b:541 duel,nactions: 4"
950
100000,1,0.001,adam,max,1000,tanh,32,1000000,0.1,0.75,0.99,100,1,False,9111,[-10.0, 1000.0, -0.1],180,"with supervised layer 2 cat, b:541 duel,nactions: 4"
948
100000,1,0.001,adam,max,1000,tanh,32,1000000,0.1,0.75,0.99,100,1,False,5423,[-10.0, 1000.0, -0.1],180,"with supervised layer 2 cat, b:541 duel,nactions: 4"
960
100000,1,0.001,adam,max,1000,tanh,32,1000000,0.1,0.75,0.99,100,1,False,1111,[-10.0, 1000.0, -0.1],180,"With supervised layer 5 cat, b:541 duel,nactions: 4"
945
100000,1,0.001,adam,max,1000,tanh,32,1000000,0.1,0.75,0.99,100,1,False,1337,[-10.0, 1000.0, -0.1],180,"b:541 duel,nactions: 4"
965
100000,1,0.001,adam,max,1000,tanh,32,1000000,0.1,0.75,0.99,100,1,False,1122,[-10.0, 1000.0, -0.1],180,"With supervised layer 5 cat, b:541 duel,nactions: 4"
947
100000,1,0.001,adam,max,1000,tanh,32,1000000,0.1,0.75,0.99,100,1,False,4444,[-10.0, 1000.0, -0.1],180,"with supervised layer 2 cat, b:541 duel,nactions: 4"
953
100000,1,0.001,adam,max,1000,tanh,32,1000000,0.1,0.75,0.99,100,1,False,1111,[-10.0, 1000.0, -0.1],180,"with supervised layer 3 cat, b:541 duel,nactions: 4"
944
100000,1,0.001,adam,max,1000,tanh,32,1000000,0.1,0.75,0.99,100,1,False,1122,[-10.0, 1000.0, -0.1],180,"b:541 duel,nactions: 4"
954
100000,1,0.001,adam,max,1000,tanh,32,1000000,0.1,0.75,0.99,100,1,False,4444,[-10.0, 1000.0, -0.1],180,"with supervised layer 3 cat, b:541 duel,nactions: 4"
955
100000,1,0.001,adam,max,1000,tanh,32,1000000,0.1,0.75,0.99,100,1,False,5423,[-10.0, 1000.0, -0.1],180,"with supervised layer 3 cat, b:541 duel,nactions: 4"
957
100000,1,0.001,adam,max,1000,tanh,32,1000000,0.1,0.75,0.99,100,1,False,9111,[-10.0, 1000.0, -0.1],180,"with supervised layer 3 cat, b:541 duel,nactions: 4"
958
100000,1,0.001,adam,max,1000,tanh,32,1000000,0.1,0.75,0.99,100,1,False,1122,[-10.0, 1000.0, -0.1],180,"with supervised layer 3 cat, b:541 duel,nactions: 4"
940
100000,1,0.001,adam,max,1000,tanh,32,1000000,0.1,0.75,0.99,100,1,False,4444,[-10.0, 1000.0, -0.1],180,"b:541 duel,nactions: 4"
939
100000,1,0.001,adam,max,1000,tanh,32,1000000,0.1,0.75,0.99,100,1,False,1111,[-10.0, 1000.0, -0.1],180,"b:541 duel,nactions: 4"
951
100000,1,0.001,adam,max,1000,tanh,32,1000000,0.1,0.75,0.99,100,1,False,1122,[-10.0, 1000.0, -0.1],180,"with supervised layer 2 cat, b:541 duel,nactions: 4"
962
100000,1,0.001,adam,max,1000,tanh,32,1000000,0.1,0.75,0.99,100,1,False,5423,[-10.0, 1000.0, -0.1],180,"With supervised layer 5 cat, b:541 duel,nactions: 4"
964
100000,1,0.001,adam,max,1000,tanh,32,1000000,0.1,0.75,0.99,100,1,False,9111,[-10.0, 1000.0, -0.1],180,"With supervised layer 5 cat, b:541 duel,nactions: 4"
943
100000,1,0.001,adam,max,1000,tanh,32,1000000,0.1,0.75,0.99,100,1,False,9111,[-10.0, 1000.0, -0.1],180,"b:541 duel,nactions: 4"
956
100000,1,0.001,adam,max,1000,tanh,32,1000000,0.1,0.75,0.99,100,1,False,6654,[-10.0, 1000.0, -0.1],180,"with supervised layer 3 cat, b:541 duel,nactions: 4"
959
100000,1,0.001,adam,max,1000,tanh,32,1000000,0.1,0.75,0.99,100,1,False,1337,[-10.0, 1000.0, -0.1],180,"with supervised layer 3 cat, b:541 duel,nactions: 4"
952
100000,1,0.001,adam,max,1000,tanh,32,1000000,0.1,0.75,0.99,100,1,False,1337,[-10.0, 1000.0, -0.1],180,"with supervised layer 2 cat, b:541 duel,nactions: 4"
946
100000,1,0.001,adam,max,1000,tanh,32,1000000,0.1,0.75,0.99,100,1,False,1111,[-10.0, 1000.0, -0.1],180,"with supervised layer 2 cat, b:541 duel,nactions: 4"
963
100000,1,0.001,adam,max,1000,tanh,32,1000000,0.1,0.75,0.99,100,1,False,6654,[-10.0, 1000.0, -0.1],180,"With supervised layer 5 cat, b:541 duel,nactions: 4"
969
100000,1,0.001,adam,max,1000,tanh,32,1000000,0.1,0.75,0.99,100,1,False,5423,[-10.0, 1000.0, -0.1],180,"with supervised layer 2 cat, b:541 duel,nactions: 4"
967
100000,1,0.001,adam,max,1000,tanh,32,1000000,0.1,0.75,0.99,100,1,False,1111,[-10.0, 1000.0, -0.1],180,"with supervised layer 2 cat, b:541 duel,nactions: 4"
971
100000,1,0.001,adam,max,1000,tanh,32,1000000,0.1,0.75,0.99,100,1,False,9111,[-10.0, 1000.0, -0.1],180,"with supervised layer 2 cat, b:541 duel,nactions: 4"
973
100000,1,0.001,adam,max,1000,tanh,32,1000000,0.1,0.75,0.99,100,1,False,1337,[-10.0, 1000.0, -0.1],180,"with supervised layer 2 cat, b:541 duel,nactions: 4"
972
100000,1,0.001,adam,max,1000,tanh,32,1000000,0.1,0.75,0.99,100,1,False,1122,[-10.0, 1000.0, -0.1],180,"with supervised layer 2 cat, b:541 duel,nactions: 4"
978
100000,1,0.001,adam,max,1000,tanh,32,1000000,0.1,0.75,0.99,100,1,False,9111,[-10.0, 1000.0, -0.1],180,"with supervised layer 3 cat, b:541 duel,nactions: 4"
976
100000,1,0.001,adam,max,1000,tanh,32,1000000,0.1,0.75,0.99,100,1,False,5423,[-10.0, 1000.0, -0.1],180,"with supervised layer 3 cat, b:541 duel,nactions: 4"
979
100000,1,0.001,adam,max,1000,tanh,32,1000000,0.1,0.75,0.99,100,1,False,1122,[-10.0, 1000.0, -0.1],180,"with supervised layer 3 cat, b:541 duel,nactions: 4"
987
100000,1,0.001,adam,max,1000,tanh,32,1000000,0.1,0.75,0.99,100,1,False,1337,[-10.0, 1000.0, -0.1],180,"With supervised layer 5 cat, b:541 duel,nactions: 4"
968
100000,1,0.001,adam,max,1000,tanh,32,1000000,0.1,0.75,0.99,100,1,False,4444,[-10.0, 1000.0, -0.1],180,"with supervised layer 2 cat, b:541 duel,nactions: 4"
985
100000,1,0.001,adam,max,1000,tanh,32,1000000,0.1,0.75,0.99,100,1,False,9111,[-10.0, 1000.0, -0.1],180,"With supervised layer 5 cat, b:541 duel,nactions: 4"
986
100000,1,0.001,adam,max,1000,tanh,32,1000000,0.1,0.75,0.99,100,1,False,1122,[-10.0, 1000.0, -0.1],180,"With supervised layer 5 cat, b:541 duel,nactions: 4"
977
100000,1,0.001,adam,max,1000,tanh,32,1000000,0.1,0.75,0.99,100,1,False,6654,[-10.0, 1000.0, -0.1],180,"with supervised layer 3 cat, b:541 duel,nactions: 4"
980
100000,1,0.001,adam,max,1000,tanh,32,1000000,0.1,0.75,0.99,100,1,False,1337,[-10.0, 1000.0, -0.1],180,"with supervised layer 3 cat, b:541 duel,nactions: 4"
982
100000,1,0.001,adam,max,1000,tanh,32,1000000,0.1,0.75,0.99,100,1,False,4444,[-10.0, 1000.0, -0.1],180,"With supervised layer 5 cat, b:541 duel,nactions: 4"
974
100000,1,0.001,adam,max,1000,tanh,32,1000000,0.1,0.75,0.99,100,1,False,1111,[-10.0, 1000.0, -0.1],180,"with supervised layer 3 cat, b:541 duel,nactions: 4"
983
100000,1,0.001,adam,max,1000,tanh,32,1000000,0.1,0.75,0.99,100,1,False,5423,[-10.0, 1000.0, -0.1],180,"With supervised layer 5 cat, b:541 duel,nactions: 4"
970
100000,1,0.001,adam,max,1000,tanh,32,1000000,0.1,0.75,0.99,100,1,False,6654,[-10.0, 1000.0, -0.1],180,"with supervised layer 2 cat, b:541 duel,nactions: 4"
981
100000,1,0.001,adam,max,1000,tanh,32,1000000,0.1,0.75,0.99,100,1,False,1111,[-10.0, 1000.0, -0.1],180,"With supervised layer 5 cat, b:541 duel,nactions: 4"
975
100000,1,0.001,adam,max,1000,tanh,32,1000000,0.1,0.75,0.99,100,1,False,4444,[-10.0, 1000.0, -0.1],180,"with supervised layer 3 cat, b:541 duel,nactions: 4"
984
100000,1,0.001,adam,max,1000,tanh,32,1000000,0.1,0.75,0.99,100,1,False,6654,[-10.0, 1000.0, -0.1],180,"With supervised layer 5 cat, b:541 duel,nactions: 4"
